#
# There is insufficient memory for the Java Runtime Environment to continue.
# Native memory allocation (mmap) failed to map 15133048832 bytes for committing reserved memory.
# Possible reasons:
#   The system is out of physical RAM or swap space
# Possible solutions:
#   Reduce memory load on the system
#   Increase physical memory or swap space
#   Check if swap backing store is full
#   Decrease Java heap size (-Xmx/-Xms)
#   Decrease number of Java threads
#   Decrease Java thread stack sizes (-Xss)
#   Set larger code cache with -XX:ReservedCodeCacheSize=
# This output file may be truncated or incomplete.
#
#  Out of Memory Error (os_linux.cpp:2757), pid=25204, tid=0x00007fe99025a700
#
# JRE version:  (8.0_232-b09) (build )
# Java VM: OpenJDK 64-Bit Server VM (25.232-b09 mixed mode linux-amd64 )
# Failed to write core dump. Core dumps have been disabled. To enable core dumping, try "ulimit -c unlimited" before starting Java again
#

---------------  T H R E A D  ---------------

Current thread (0x00007fe98800b800):  JavaThread "Unknown thread" [_thread_in_vm, id=25205, stack(0x00007fe99015b000,0x00007fe99025b000)]

Stack: [0x00007fe99015b000,0x00007fe99025b000],  sp=0x00007fe990259590,  free space=1017k
Native frames: (J=compiled Java code, j=interpreted, Vv=VM code, C=native code)
V  [libjvm.so+0xaba672]
V  [libjvm.so+0x4dde07]
V  [libjvm.so+0x8f53f0]
V  [libjvm.so+0x8ec4be]
V  [libjvm.so+0x96fe06]
V  [libjvm.so+0x9133ff]
V  [libjvm.so+0x967f8e]
V  [libjvm.so+0x91d215]
V  [libjvm.so+0xa7ca7a]
V  [libjvm.so+0xa7cd75]
V  [libjvm.so+0x62b24f]
V  [libjvm.so+0xa60743]
V  [libjvm.so+0x6ae581]  JNI_CreateJavaVM+0x61
C  [libjli.so+0x2ce3]
C  [libjli.so+0x78cd]
C  [libpthread.so.0+0x76db]  start_thread+0xdb


---------------  P R O C E S S  ---------------

Java Threads: ( => current thread )

Other Threads:

=>0x00007fe98800b800 (exited) JavaThread "Unknown thread" [_thread_in_vm, id=25205, stack(0x00007fe99015b000,0x00007fe99025b000)]

VM state:not at safepoint (not fully initialized)

VM Mutex/Monitor currently owned by a thread: None

GC Heap History (0 events):
No events

Deoptimization events (0 events):
No events

Classes redefined (0 events):
No events

Internal exceptions (0 events):
No events

Events (0 events):
No events


Dynamic libraries:
556011395000-556011396000 r-xp 00000000 08:01 12061396                   /usr/lib/jvm/java-8-openjdk-amd64/jre/bin/java
556011595000-556011596000 r--p 00000000 08:01 12061396                   /usr/lib/jvm/java-8-openjdk-amd64/jre/bin/java
556011596000-556011597000 rw-p 00001000 08:01 12061396                   /usr/lib/jvm/java-8-openjdk-amd64/jre/bin/java
55601300a000-55601302b000 rw-p 00000000 00:00 0                          [heap]
7f74a8000000-7f74a8021000 rw-p 00000000 00:00 0 
7f74a8021000-7f74ac000000 ---p 00000000 00:00 0 
7f782c000000-7f782c021000 rw-p 00000000 00:00 0 
7f782c021000-7f7830000000 ---p 00000000 00:00 0 
7f7830000000-7f7830021000 rw-p 00000000 00:00 0 
7f7830021000-7f7834000000 ---p 00000000 00:00 0 
7f7834000000-7f7834021000 rw-p 00000000 00:00 0 
7f7834021000-7f7838000000 ---p 00000000 00:00 0 
7f783c000000-7f783c021000 rw-p 00000000 00:00 0 
7f783c021000-7f7840000000 ---p 00000000 00:00 0 
7f7844000000-7f7844021000 rw-p 00000000 00:00 0 
7f7844021000-7f7848000000 ---p 00000000 00:00 0 
7f784c000000-7f784c021000 rw-p 00000000 00:00 0 
7f784c021000-7f7850000000 ---p 00000000 00:00 0 
7f7854000000-7f7854021000 rw-p 00000000 00:00 0 
7f7854021000-7f7858000000 ---p 00000000 00:00 0 
7f785aea7000-7f785aea8000 ---p 00000000 00:00 0 
7f785aea8000-7f785afa8000 rw-p 00000000 00:00 0 
7f785afa8000-7f785afa9000 ---p 00000000 00:00 0 
7f785afa9000-7f785b0fd000 rw-p 00000000 00:00 0 
7f785b0fd000-7f78809ff000 ---p 00000000 00:00 0 
7f78809ff000-7f7880a53000 rw-p 00000000 00:00 0 
7f7880a53000-7f78a6354000 ---p 00000000 00:00 0 
7f78a6354000-7f78a637e000 rw-p 00000000 00:00 0 
7f78a637e000-7f78b8fff000 ---p 00000000 00:00 0 
7f78b8fff000-7f78c3700000 rw-p 00000000 00:00 0 
7f78c3700000-7fc3e3b00000 ---p 00000000 00:00 0 
7fc3e3b00000-7fc3e8e00000 rw-p 00000000 00:00 0 
7fc3e8e00000-7fe979000000 ---p 00000000 00:00 0 
7fe979000000-7fe979270000 rwxp 00000000 00:00 0 
7fe979270000-7fe988000000 ---p 00000000 00:00 0 
7fe988000000-7fe988044000 rw-p 00000000 00:00 0 
7fe988044000-7fe98c000000 ---p 00000000 00:00 0 
7fe98c0e8000-7fe98c0e9000 ---p 00000000 00:00 0 
7fe98c0e9000-7fe98c1e9000 rw-p 00000000 00:00 0 
7fe98c1e9000-7fe98c1ea000 ---p 00000000 00:00 0 
7fe98c1ea000-7fe98c2ea000 rw-p 00000000 00:00 0 
7fe98c2ea000-7fe98c2eb000 ---p 00000000 00:00 0 
7fe98c2eb000-7fe98c3eb000 rw-p 00000000 00:00 0 
7fe98c3eb000-7fe98c3ec000 ---p 00000000 00:00 0 
7fe98c3ec000-7fe98c4ec000 rw-p 00000000 00:00 0 
7fe98c4ec000-7fe98c4ed000 ---p 00000000 00:00 0 
7fe98c4ed000-7fe98c5ed000 rw-p 00000000 00:00 0 
7fe98c5ed000-7fe98c5ee000 ---p 00000000 00:00 0 
7fe98c5ee000-7fe98c6f8000 rw-p 00000000 00:00 0 
7fe98c6f8000-7fe98caae000 ---p 00000000 00:00 0 
7fe98caae000-7fe98cab6000 r-xp 00000000 08:01 12065008                   /usr/lib/jvm/java-8-openjdk-amd64/jre/lib/amd64/libzip.so
7fe98cab6000-7fe98ccb5000 ---p 00008000 08:01 12065008                   /usr/lib/jvm/java-8-openjdk-amd64/jre/lib/amd64/libzip.so
7fe98ccb5000-7fe98ccb6000 r--p 00007000 08:01 12065008                   /usr/lib/jvm/java-8-openjdk-amd64/jre/lib/amd64/libzip.so
7fe98ccb6000-7fe98ccb7000 rw-p 00008000 08:01 12065008                   /usr/lib/jvm/java-8-openjdk-amd64/jre/lib/amd64/libzip.so
7fe98ccb7000-7fe98ccc2000 r-xp 00000000 08:01 791592                     /lib/x86_64-linux-gnu/libnss_files-2.27.so
7fe98ccc2000-7fe98cec1000 ---p 0000b000 08:01 791592                     /lib/x86_64-linux-gnu/libnss_files-2.27.so
7fe98cec1000-7fe98cec2000 r--p 0000a000 08:01 791592                     /lib/x86_64-linux-gnu/libnss_files-2.27.so
7fe98cec2000-7fe98cec3000 rw-p 0000b000 08:01 791592                     /lib/x86_64-linux-gnu/libnss_files-2.27.so
7fe98cec3000-7fe98cec9000 rw-p 00000000 00:00 0 
7fe98cec9000-7fe98cee0000 r-xp 00000000 08:01 791586                     /lib/x86_64-linux-gnu/libnsl-2.27.so
7fe98cee0000-7fe98d0df000 ---p 00017000 08:01 791586                     /lib/x86_64-linux-gnu/libnsl-2.27.so
7fe98d0df000-7fe98d0e0000 r--p 00016000 08:01 791586                     /lib/x86_64-linux-gnu/libnsl-2.27.so
7fe98d0e0000-7fe98d0e1000 rw-p 00017000 08:01 791586                     /lib/x86_64-linux-gnu/libnsl-2.27.so
7fe98d0e1000-7fe98d0e3000 rw-p 00000000 00:00 0 
7fe98d0e3000-7fe98d0ee000 r-xp 00000000 08:01 791603                     /lib/x86_64-linux-gnu/libnss_nis-2.27.so
7fe98d0ee000-7fe98d2ed000 ---p 0000b000 08:01 791603                     /lib/x86_64-linux-gnu/libnss_nis-2.27.so
7fe98d2ed000-7fe98d2ee000 r--p 0000a000 08:01 791603                     /lib/x86_64-linux-gnu/libnss_nis-2.27.so
7fe98d2ee000-7fe98d2ef000 rw-p 0000b000 08:01 791603                     /lib/x86_64-linux-gnu/libnss_nis-2.27.so
7fe98d2ef000-7fe98d2f7000 r-xp 00000000 08:01 791588                     /lib/x86_64-linux-gnu/libnss_compat-2.27.so
7fe98d2f7000-7fe98d4f7000 ---p 00008000 08:01 791588                     /lib/x86_64-linux-gnu/libnss_compat-2.27.so
7fe98d4f7000-7fe98d4f8000 r--p 00008000 08:01 791588                     /lib/x86_64-linux-gnu/libnss_compat-2.27.so
7fe98d4f8000-7fe98d4f9000 rw-p 00009000 08:01 791588                     /lib/x86_64-linux-gnu/libnss_compat-2.27.so
7fe98d4f9000-7fe98d523000 r-xp 00000000 08:01 12064989                   /usr/lib/jvm/java-8-openjdk-amd64/jre/lib/amd64/libjava.so
7fe98d523000-7fe98d722000 ---p 0002a000 08:01 12064989                   /usr/lib/jvm/java-8-openjdk-amd64/jre/lib/amd64/libjava.so
7fe98d722000-7fe98d723000 r--p 00029000 08:01 12064989                   /usr/lib/jvm/java-8-openjdk-amd64/jre/lib/amd64/libjava.so
7fe98d723000-7fe98d725000 rw-p 0002a000 08:01 12064989                   /usr/lib/jvm/java-8-openjdk-amd64/jre/lib/amd64/libjava.so
7fe98d725000-7fe98d735000 r-xp 00000000 08:01 12065007                   /usr/lib/jvm/java-8-openjdk-amd64/jre/lib/amd64/libverify.so
7fe98d735000-7fe98d934000 ---p 00010000 08:01 12065007                   /usr/lib/jvm/java-8-openjdk-amd64/jre/lib/amd64/libverify.so
7fe98d934000-7fe98d936000 r--p 0000f000 08:01 12065007                   /usr/lib/jvm/java-8-openjdk-amd64/jre/lib/amd64/libverify.so
7fe98d936000-7fe98d937000 rw-p 00011000 08:01 12065007                   /usr/lib/jvm/java-8-openjdk-amd64/jre/lib/amd64/libverify.so
7fe98d937000-7fe98d93e000 r-xp 00000000 08:01 791643                     /lib/x86_64-linux-gnu/librt-2.27.so
7fe98d93e000-7fe98db3d000 ---p 00007000 08:01 791643                     /lib/x86_64-linux-gnu/librt-2.27.so
7fe98db3d000-7fe98db3e000 r--p 00006000 08:01 791643                     /lib/x86_64-linux-gnu/librt-2.27.so
7fe98db3e000-7fe98db3f000 rw-p 00007000 08:01 791643                     /lib/x86_64-linux-gnu/librt-2.27.so
7fe98db3f000-7fe98db56000 r-xp 00000000 08:01 791539                     /lib/x86_64-linux-gnu/libgcc_s.so.1
7fe98db56000-7fe98dd55000 ---p 00017000 08:01 791539                     /lib/x86_64-linux-gnu/libgcc_s.so.1
7fe98dd55000-7fe98dd56000 r--p 00016000 08:01 791539                     /lib/x86_64-linux-gnu/libgcc_s.so.1
7fe98dd56000-7fe98dd57000 rw-p 00017000 08:01 791539                     /lib/x86_64-linux-gnu/libgcc_s.so.1
7fe98dd57000-7fe98def4000 r-xp 00000000 08:01 791565                     /lib/x86_64-linux-gnu/libm-2.27.so
7fe98def4000-7fe98e0f3000 ---p 0019d000 08:01 791565                     /lib/x86_64-linux-gnu/libm-2.27.so
7fe98e0f3000-7fe98e0f4000 r--p 0019c000 08:01 791565                     /lib/x86_64-linux-gnu/libm-2.27.so
7fe98e0f4000-7fe98e0f5000 rw-p 0019d000 08:01 791565                     /lib/x86_64-linux-gnu/libm-2.27.so
7fe98e0f5000-7fe98e26e000 r-xp 00000000 08:01 12067492                   /usr/lib/x86_64-linux-gnu/libstdc++.so.6.0.25
7fe98e26e000-7fe98e46e000 ---p 00179000 08:01 12067492                   /usr/lib/x86_64-linux-gnu/libstdc++.so.6.0.25
7fe98e46e000-7fe98e478000 r--p 00179000 08:01 12067492                   /usr/lib/x86_64-linux-gnu/libstdc++.so.6.0.25
7fe98e478000-7fe98e47a000 rw-p 00183000 08:01 12067492                   /usr/lib/x86_64-linux-gnu/libstdc++.so.6.0.25
7fe98e47a000-7fe98e47e000 rw-p 00000000 00:00 0 
7fe98e47e000-7fe98f120000 r-xp 00000000 08:01 12065011                   /usr/lib/jvm/java-8-openjdk-amd64/jre/lib/amd64/server/libjvm.so
7fe98f120000-7fe98f31f000 ---p 00ca2000 08:01 12065011                   /usr/lib/jvm/java-8-openjdk-amd64/jre/lib/amd64/server/libjvm.so
7fe98f31f000-7fe98f3b3000 r--p 00ca1000 08:01 12065011                   /usr/lib/jvm/java-8-openjdk-amd64/jre/lib/amd64/server/libjvm.so
7fe98f3b3000-7fe98f3dc000 rw-p 00d35000 08:01 12065011                   /usr/lib/jvm/java-8-openjdk-amd64/jre/lib/amd64/server/libjvm.so
7fe98f3dc000-7fe98f40c000 rw-p 00000000 00:00 0 
7fe98f40c000-7fe98f426000 r-xp 00000000 08:01 791635                     /lib/x86_64-linux-gnu/libpthread-2.27.so
7fe98f426000-7fe98f625000 ---p 0001a000 08:01 791635                     /lib/x86_64-linux-gnu/libpthread-2.27.so
7fe98f625000-7fe98f626000 r--p 00019000 08:01 791635                     /lib/x86_64-linux-gnu/libpthread-2.27.so
7fe98f626000-7fe98f627000 rw-p 0001a000 08:01 791635                     /lib/x86_64-linux-gnu/libpthread-2.27.so
7fe98f627000-7fe98f62b000 rw-p 00000000 00:00 0 
7fe98f62b000-7fe98f62e000 r-xp 00000000 08:01 791525                     /lib/x86_64-linux-gnu/libdl-2.27.so
7fe98f62e000-7fe98f82d000 ---p 00003000 08:01 791525                     /lib/x86_64-linux-gnu/libdl-2.27.so
7fe98f82d000-7fe98f82e000 r--p 00002000 08:01 791525                     /lib/x86_64-linux-gnu/libdl-2.27.so
7fe98f82e000-7fe98f82f000 rw-p 00003000 08:01 791525                     /lib/x86_64-linux-gnu/libdl-2.27.so
7fe98f82f000-7fe98f84b000 r-xp 00000000 08:01 791674                     /lib/x86_64-linux-gnu/libz.so.1.2.11
7fe98f84b000-7fe98fa4a000 ---p 0001c000 08:01 791674                     /lib/x86_64-linux-gnu/libz.so.1.2.11
7fe98fa4a000-7fe98fa4b000 r--p 0001b000 08:01 791674                     /lib/x86_64-linux-gnu/libz.so.1.2.11
7fe98fa4b000-7fe98fa4c000 rw-p 0001c000 08:01 791674                     /lib/x86_64-linux-gnu/libz.so.1.2.11
7fe98fa4c000-7fe98fc33000 r-xp 00000000 08:01 791502                     /lib/x86_64-linux-gnu/libc-2.27.so
7fe98fc33000-7fe98fe33000 ---p 001e7000 08:01 791502                     /lib/x86_64-linux-gnu/libc-2.27.so
7fe98fe33000-7fe98fe37000 r--p 001e7000 08:01 791502                     /lib/x86_64-linux-gnu/libc-2.27.so
7fe98fe37000-7fe98fe39000 rw-p 001eb000 08:01 791502                     /lib/x86_64-linux-gnu/libc-2.27.so
7fe98fe39000-7fe98fe3d000 rw-p 00000000 00:00 0 
7fe98fe3d000-7fe98fe4b000 r-xp 00000000 08:01 12064975                   /usr/lib/jvm/java-8-openjdk-amd64/jre/lib/amd64/jli/libjli.so
7fe98fe4b000-7fe99004a000 ---p 0000e000 08:01 12064975                   /usr/lib/jvm/java-8-openjdk-amd64/jre/lib/amd64/jli/libjli.so
7fe99004a000-7fe99004b000 r--p 0000d000 08:01 12064975                   /usr/lib/jvm/java-8-openjdk-amd64/jre/lib/amd64/jli/libjli.so
7fe99004b000-7fe99004c000 rw-p 0000e000 08:01 12064975                   /usr/lib/jvm/java-8-openjdk-amd64/jre/lib/amd64/jli/libjli.so
7fe99004c000-7fe990073000 r-xp 00000000 08:01 791474                     /lib/x86_64-linux-gnu/ld-2.27.so
7fe99015a000-7fe99015b000 ---p 00000000 00:00 0 
7fe99015b000-7fe99015e000 ---p 00000000 00:00 0 
7fe99015e000-7fe99025d000 rw-p 00000000 00:00 0 
7fe990267000-7fe99026f000 rw-s 00000000 08:01 5767705                    /tmp/hsperfdata_ss1031/25204
7fe99026f000-7fe990270000 rw-p 00000000 00:00 0 
7fe990270000-7fe990271000 r--p 00000000 00:00 0 
7fe990271000-7fe990273000 rw-p 00000000 00:00 0 
7fe990273000-7fe990274000 r--p 00027000 08:01 791474                     /lib/x86_64-linux-gnu/ld-2.27.so
7fe990274000-7fe990275000 rw-p 00028000 08:01 791474                     /lib/x86_64-linux-gnu/ld-2.27.so
7fe990275000-7fe990276000 rw-p 00000000 00:00 0 
7fff7379c000-7fff737bd000 rw-p 00000000 00:00 0                          [stack]
7fff737e4000-7fff737e7000 r--p 00000000 00:00 0                          [vvar]
7fff737e7000-7fff737e8000 r-xp 00000000 00:00 0                          [vdso]
ffffffffff600000-ffffffffff601000 r-xp 00000000 00:00 0                  [vsyscall]

VM Arguments:
jvm_args: -ea -Xmx451G 
java_command: water.H2OApp -ip 127.0.0.1 -web_ip 127.0.0.1 -baseport 54321 -ice_root /tmp/tmpk1rweken -name H2O_from_python_ss1031_2ylowp -log_level INFO
java_class_path (initial): /home/ss1031/anaconda3/lib/python3.7/site-packages/h2o/backend/bin/h2o.jar
Launcher Type: SUN_STANDARD

Environment Variables:
PATH=/home/ss1031/anaconda3/bin:/home/ss1031/anaconda3/condabin:/usr/local/sbin:/usr/local/bin:/usr/sbin:/usr/bin:/sbin:/bin:/usr/games:/usr/local/games:/snap/bin
USERNAME=ss1031
SHELL=/bin/bash
DISPLAY=:0

Signal Handlers:
SIGSEGV: [libjvm.so+0xabafd0], sa_mask[0]=11111111011111111101111111111110, sa_flags=SA_RESTART|SA_SIGINFO
SIGBUS: [libjvm.so+0xabafd0], sa_mask[0]=11111111011111111101111111111110, sa_flags=SA_RESTART|SA_SIGINFO
SIGFPE: [libjvm.so+0x8f05b0], sa_mask[0]=11111111011111111101111111111110, sa_flags=SA_RESTART|SA_SIGINFO
SIGPIPE: [libjvm.so+0x8f05b0], sa_mask[0]=11111111011111111101111111111110, sa_flags=SA_RESTART|SA_SIGINFO
SIGXFSZ: [libjvm.so+0x8f05b0], sa_mask[0]=11111111011111111101111111111110, sa_flags=SA_RESTART|SA_SIGINFO
SIGILL: [libjvm.so+0x8f05b0], sa_mask[0]=11111111011111111101111111111110, sa_flags=SA_RESTART|SA_SIGINFO
SIGUSR1: SIG_DFL, sa_mask[0]=00000000000000000000000000000000, sa_flags=none
SIGUSR2: [libjvm.so+0x8f0460], sa_mask[0]=00000000000000000000000000000000, sa_flags=SA_RESTART|SA_SIGINFO
SIGHUP: SIG_DFL, sa_mask[0]=00000000000000000000000000000000, sa_flags=none
SIGINT: SIG_DFL, sa_mask[0]=00000000000000000000000000000000, sa_flags=none
SIGTERM: SIG_DFL, sa_mask[0]=00000000000000000000000000000000, sa_flags=none
SIGQUIT: SIG_DFL, sa_mask[0]=00000000000000000000000000000000, sa_flags=none


---------------  S Y S T E M  ---------------

OS:DISTRIB_ID=Ubuntu
DISTRIB_RELEASE=18.04
DISTRIB_CODENAME=bionic
DISTRIB_DESCRIPTION="Ubuntu 18.04.3 LTS"

uname:Linux 5.0.0-37-generic #40~18.04.1-Ubuntu SMP Thu Nov 14 12:06:39 UTC 2019 x86_64
libc:glibc 2.27 NPTL 2.27 
rlimit: STACK 8192k, CORE 0k, NPROC 63462, NOFILE 4096, AS infinity
load average:1.07 0.58 0.36

/proc/meminfo:
MemTotal:       16294636 kB
MemFree:         4652496 kB
MemAvailable:    7697364 kB
Buffers:          466324 kB
Cached:          3110268 kB
SwapCached:        77136 kB
Active:          8503400 kB
Inactive:        2398644 kB
Active(anon):    6473144 kB
Inactive(anon):  1174744 kB
Active(file):    2030256 kB
Inactive(file):  1223900 kB
Unevictable:      159016 kB
Mlocked:              16 kB
SwapTotal:       2097148 kB
SwapFree:        1604348 kB
Dirty:               216 kB
Writeback:             0 kB
AnonPages:       7381856 kB
Mapped:          1035920 kB
Shmem:            661040 kB
KReclaimable:     285336 kB
Slab:             362828 kB
SReclaimable:     285336 kB
SUnreclaim:        77492 kB
KernelStack:       20824 kB
PageTables:        89776 kB
NFS_Unstable:          0 kB
Bounce:                0 kB
WritebackTmp:          0 kB
CommitLimit:    10244464 kB
Committed_AS:   17965788 kB
VmallocTotal:   34359738367 kB
VmallocUsed:           0 kB
VmallocChunk:          0 kB
Percpu:             2624 kB
HardwareCorrupted:     0 kB
AnonHugePages:     10240 kB
ShmemHugePages:        0 kB
ShmemPmdMapped:        0 kB
CmaTotal:              0 kB
CmaFree:               0 kB
HugePages_Total:       0
HugePages_Free:        0
HugePages_Rsvd:        0
HugePages_Surp:        0
Hugepagesize:       2048 kB
Hugetlb:               0 kB
DirectMap4k:      298344 kB
DirectMap2M:    16351232 kB

container (cgroup) information:
container_type: cgroupv1
cpu_cpuset_cpus: 0-7
cpu_memory_nodes: 0
active_processor_count: 8
cpu_quota: -1
cpu_period: 100000
cpu_shares: -1
memory_limit_in_bytes: -1
memory_and_swap_limit_in_bytes: -2
memory_soft_limit_in_bytes: -1
memory_usage_in_bytes: 11305590784
memory_max_usage_in_bytes: 24715264


CPU:total 8 (initial active 8) (4 cores per cpu, 2 threads per core) family 6 model 58 stepping 9, cmov, cx8, fxsr, mmx, sse, sse2, sse3, ssse3, sse4.1, sse4.2, popcnt, avx, aes, clmul, erms, ht, tsc, tscinvbit, tscinv

/proc/cpuinfo:
processor	: 0
vendor_id	: GenuineIntel
cpu family	: 6
model		: 58
model name	: Intel(R) Core(TM) i7-3770K CPU @ 3.50GHz
stepping	: 9
microcode	: 0x21
cpu MHz		: 2149.270
cache size	: 8192 KB
physical id	: 0
siblings	: 8
core id		: 0
cpu cores	: 4
apicid		: 0
initial apicid	: 0
fpu		: yes
fpu_exception	: yes
cpuid level	: 13
wp		: yes
flags		: fpu vme de pse tsc msr pae mce cx8 apic sep mtrr pge mca cmov pat pse36 clflush dts acpi mmx fxsr sse sse2 ss ht tm pbe syscall nx rdtscp lm constant_tsc arch_perfmon pebs bts rep_good nopl xtopology nonstop_tsc cpuid aperfmperf pni pclmulqdq dtes64 monitor ds_cpl vmx est tm2 ssse3 cx16 xtpr pdcm pcid sse4_1 sse4_2 popcnt tsc_deadline_timer aes xsave avx f16c rdrand lahf_lm cpuid_fault epb pti ssbd ibrs ibpb stibp tpr_shadow vnmi flexpriority ept vpid fsgsbase smep erms xsaveopt dtherm ida arat pln pts md_clear flush_l1d
bugs		: cpu_meltdown spectre_v1 spectre_v2 spec_store_bypass l1tf mds swapgs itlb_multihit
bogomips	: 6984.18
clflush size	: 64
cache_alignment	: 64
address sizes	: 36 bits physical, 48 bits virtual
power management:

processor	: 1
vendor_id	: GenuineIntel
cpu family	: 6
model		: 58
model name	: Intel(R) Core(TM) i7-3770K CPU @ 3.50GHz
stepping	: 9
microcode	: 0x21
cpu MHz		: 2257.103
cache size	: 8192 KB
physical id	: 0
siblings	: 8
core id		: 1
cpu cores	: 4
apicid		: 2
initial apicid	: 2
fpu		: yes
fpu_exception	: yes
cpuid level	: 13
wp		: yes
flags		: fpu vme de pse tsc msr pae mce cx8 apic sep mtrr pge mca cmov pat pse36 clflush dts acpi mmx fxsr sse sse2 ss ht tm pbe syscall nx rdtscp lm constant_tsc arch_perfmon pebs bts rep_good nopl xtopology nonstop_tsc cpuid aperfmperf pni pclmulqdq dtes64 monitor ds_cpl vmx est tm2 ssse3 cx16 xtpr pdcm pcid sse4_1 sse4_2 popcnt tsc_deadline_timer aes xsave avx f16c rdrand lahf_lm cpuid_fault epb pti ssbd ibrs ibpb stibp tpr_shadow vnmi flexpriority ept vpid fsgsbase smep erms xsaveopt dtherm ida arat pln pts md_clear flush_l1d
bugs		: cpu_meltdown spectre_v1 spectre_v2 spec_store_bypass l1tf mds swapgs itlb_multihit
bogomips	: 6984.18
clflush size	: 64
cache_alignment	: 64
address sizes	: 36 bits physical, 48 bits virtual
power management:

processor	: 2
vendor_id	: GenuineIntel
cpu family	: 6
model		: 58
model name	: Intel(R) Core(TM) i7-3770K CPU @ 3.50GHz
stepping	: 9
microcode	: 0x21
cpu MHz		: 2326.315
cache size	: 8192 KB
physical id	: 0
siblings	: 8
core id		: 2
cpu cores	: 4
apicid		: 4
initial apicid	: 4
fpu		: yes
fpu_exception	: yes
cpuid level	: 13
wp		: yes
flags		: fpu vme de pse tsc msr pae mce cx8 apic sep mtrr pge mca cmov pat pse36 clflush dts acpi mmx fxsr sse sse2 ss ht tm pbe syscall nx rdtscp lm constant_tsc arch_perfmon pebs bts rep_good nopl xtopology nonstop_tsc cpuid aperfmperf pni pclmulqdq dtes64 monitor ds_cpl vmx est tm2 ssse3 cx16 xtpr pdcm pcid sse4_1 sse4_2 popcnt tsc_deadline_timer aes xsave avx f16c rdrand lahf_lm cpuid_fault epb pti ssbd ibrs ibpb stibp tpr_shadow vnmi flexpriority ept vpid fsgsbase smep erms xsaveopt dtherm ida arat pln pts md_clear flush_l1d
bugs		: cpu_meltdown spectre_v1 spectre_v2 spec_store_bypass l1tf mds swapgs itlb_multihit
bogomips	: 6984.18
clflush size	: 64
cache_alignment	: 64
address sizes	: 36 bits physical, 48 bits virtual
power management:

processor	: 3
vendor_id	: GenuineIntel
cpu family	: 6
model		: 58
model name	: Intel(R) Core(TM) i7-3770K CPU @ 3.50GHz
stepping	: 9
microcode	: 0x21
cpu MHz		: 2211.336
cache size	: 8192 KB
physical id	: 0
siblings	: 8
core id		: 3
cpu cores	: 4
apicid		: 6
initial apicid	: 6
fpu		: yes
fpu_exception	: yes
cpuid level	: 13
wp		: yes
flags		: fpu vme de pse tsc msr pae mce cx8 apic sep mtrr pge mca cmov pat pse36 clflush dts acpi mmx fxsr sse sse2 ss ht tm pbe syscall nx rdtscp lm constant_tsc arch_perfmon pebs bts rep_good nopl xtopology nonstop_tsc cpuid aperfmperf pni pclmulqdq dtes64 monitor ds_cpl vmx est tm2 ssse3 cx16 xtpr pdcm pcid sse4_1 sse4_2 popcnt tsc_deadline_timer aes xsave avx f16c rdrand lahf_lm cpuid_fault epb pti ssbd ibrs ibpb stibp tpr_shadow vnmi flexpriority ept vpid fsgsbase smep erms xsaveopt dtherm ida arat pln pts md_clear flush_l1d
bugs		: cpu_meltdown spectre_v1 spectre_v2 spec_store_bypass l1tf mds swapgs itlb_multihit
bogomips	: 6984.18
clflush size	: 64
cache_alignment	: 64
address sizes	: 36 bits physical, 48 bits virtual
power management:

processor	: 4
vendor_id	: GenuineIntel
cpu family	: 6
model		: 58
model name	: Intel(R) Core(TM) i7-3770K CPU @ 3.50GHz
stepping	: 9
microcode	: 0x21
cpu MHz		: 2193.937
cache size	: 8192 KB
physical id	: 0
siblings	: 8
core id		: 0
cpu cores	: 4
apicid		: 1
initial apicid	: 1
fpu		: yes
fpu_exception	: yes
cpuid level	: 13
wp		: yes
flags		: fpu vme de pse tsc msr pae mce cx8 apic sep mtrr pge mca cmov pat pse36 clflush dts acpi mmx fxsr sse sse2 ss ht tm pbe syscall nx rdtscp lm constant_tsc arch_perfmon pebs bts rep_good nopl xtopology nonstop_tsc cpuid aperfmperf pni pclmulqdq dtes64 monitor ds_cpl vmx est tm2 ssse3 cx16 xtpr pdcm pcid sse4_1 sse4_2 popcnt tsc_deadline_timer aes xsave avx f16c rdrand lahf_lm cpuid_fault epb pti ssbd ibrs ibpb stibp tpr_shadow vnmi flexpriority ept vpid fsgsbase smep erms xsaveopt dtherm ida arat pln pts md_clear flush_l1d
bugs		: cpu_meltdown spectre_v1 spectre_v2 spec_store_bypass l1tf mds swapgs itlb_multihit
bogomips	: 6984.18
clflush size	: 64
cache_alignment	: 64
address sizes	: 36 bits physical, 48 bits virtual
power management:

processor	: 5
vendor_id	: GenuineIntel
cpu family	: 6
model		: 58
model name	: Intel(R) Core(TM) i7-3770K CPU @ 3.50GHz
stepping	: 9
microcode	: 0x21
cpu MHz		: 2206.876
cache size	: 8192 KB
physical id	: 0
siblings	: 8
core id		: 1
cpu cores	: 4
apicid		: 3
initial apicid	: 3
fpu		: yes
fpu_exception	: yes
cpuid level	: 13
wp		: yes
flags		: fpu vme de pse tsc msr pae mce cx8 apic sep mtrr pge mca cmov pat pse36 clflush dts acpi mmx fxsr sse sse2 ss ht tm pbe syscall nx rdtscp lm constant_tsc arch_perfmon pebs bts rep_good nopl xtopology nonstop_tsc cpuid aperfmperf pni pclmulqdq dtes64 monitor ds_cpl vmx est tm2 ssse3 cx16 xtpr pdcm pcid sse4_1 sse4_2 popcnt tsc_deadline_timer aes xsave avx f16c rdrand lahf_lm cpuid_fault epb pti ssbd ibrs ibpb stibp tpr_shadow vnmi flexpriority ept vpid fsgsbase smep erms xsaveopt dtherm ida arat pln pts md_clear flush_l1d
bugs		: cpu_meltdown spectre_v1 spectre_v2 spec_store_bypass l1tf mds swapgs itlb_multihit
bogomips	: 6984.18
clflush size	: 64
cache_alignment	: 64
address sizes	: 36 bits physical, 48 bits virtual
power management:

processor	: 6
vendor_id	: GenuineIntel
cpu family	: 6
model		: 58
model name	: Intel(R) Core(TM) i7-3770K CPU @ 3.50GHz
stepping	: 9
microcode	: 0x21
cpu MHz		: 2183.541
cache size	: 8192 KB
physical id	: 0
siblings	: 8
core id		: 2
cpu cores	: 4
apicid		: 5
initial apicid	: 5
fpu		: yes
fpu_exception	: yes
cpuid level	: 13
wp		: yes
flags		: fpu vme de pse tsc msr pae mce cx8 apic sep mtrr pge mca cmov pat pse36 clflush dts acpi mmx fxsr sse sse2 ss ht tm pbe syscall nx rdtscp lm constant_tsc arch_perfmon pebs bts rep_good nopl xtopology nonstop_tsc cpuid aperfmperf pni pclmulqdq dtes64 monitor ds_cpl vmx est tm2 ssse3 cx16 xtpr pdcm pcid sse4_1 sse4_2 popcnt tsc_deadline_timer aes xsave avx f16c rdrand lahf_lm cpuid_fault epb pti ssbd ibrs ibpb stibp tpr_shadow vnmi flexpriority ept vpid fsgsbase smep erms xsaveopt dtherm ida arat pln pts md_clear flush_l1d
bugs		: cpu_meltdown spectre_v1 spectre_v2 spec_store_bypass l1tf mds swapgs itlb_multihit
bogomips	: 6984.18
clflush size	: 64
cache_alignment	: 64
address sizes	: 36 bits physical, 48 bits virtual
power management:

processor	: 7
vendor_id	: GenuineIntel
cpu family	: 6
model		: 58
model name	: Intel(R) Core(TM) i7-3770K CPU @ 3.50GHz
stepping	: 9
microcode	: 0x21
cpu MHz		: 2104.649
cache size	: 8192 KB
physical id	: 0
siblings	: 8
core id		: 3
cpu cores	: 4
apicid		: 7
initial apicid	: 7
fpu		: yes
fpu_exception	: yes
cpuid level	: 13
wp		: yes
flags		: fpu vme de pse tsc msr pae mce cx8 apic sep mtrr pge mca cmov pat pse36 clflush dts acpi mmx fxsr sse sse2 ss ht tm pbe syscall nx rdtscp lm constant_tsc arch_perfmon pebs bts rep_good nopl xtopology nonstop_tsc cpuid aperfmperf pni pclmulqdq dtes64 monitor ds_cpl vmx est tm2 ssse3 cx16 xtpr pdcm pcid sse4_1 sse4_2 popcnt tsc_deadline_timer aes xsave avx f16c rdrand lahf_lm cpuid_fault epb pti ssbd ibrs ibpb stibp tpr_shadow vnmi flexpriority ept vpid fsgsbase smep erms xsaveopt dtherm ida arat pln pts md_clear flush_l1d
bugs		: cpu_meltdown spectre_v1 spectre_v2 spec_store_bypass l1tf mds swapgs itlb_multihit
bogomips	: 6984.18
clflush size	: 64
cache_alignment	: 64
address sizes	: 36 bits physical, 48 bits virtual
power management:



Memory: 4k page, physical 16294636k(4652244k free), swap 2097148k(1604348k free)

vm_info: OpenJDK 64-Bit Server VM (25.232-b09) for linux-amd64 JRE (1.8.0_232-8u232-b09-0ubuntu1~18.04.1-b09), built on Oct 16 2019 20:38:15 by "buildd" with gcc 7.4.0

time: Fri Dec 27 04:26:40 2019
timezone: UTC
elapsed time: 0 seconds (0d 0h 0m 0s)

